[2018-11-22 01:47:34] ; ,行:19; 設定開始
[2018-11-22 01:47:34] ; Request::__construct,行:8; Request生成
[2018-11-22 01:47:34] ; ,行:23; 設定完了
[2018-11-22 01:47:34] ; Request::__construct,行:8; Request生成
[2018-11-22 01:47:34] ; ,行:25; URL:/
[2018-11-22 01:47:34] ; Request::__construct,行:8; Request生成
[2018-11-22 01:47:34] ; Dispatch::excute,行:26; [0=>, 1=>]
[2018-11-22 01:47:34] ; Dispatch::excute,行:28; is not false
[2018-11-22 01:47:34] ; Dispatch::excute,行:39; null
[2018-11-22 01:47:34] ; View::view,行:63; index
[2018-11-22 01:47:34] ; View::view,行:63; parts/header
[2018-11-22 01:47:34] ; View::view,行:63; parts/bxslider
[2018-11-22 01:47:34] ; View::view,行:63; parts/news
[2018-11-22 01:47:34] ; View::view,行:63; parts/showImgs
[2018-11-22 01:47:34] ; View::view,行:63; parts/footer
[2018-11-22 01:47:39] ; ,行:19; 設定開始
[2018-11-22 01:47:39] ; Request::__construct,行:8; Request生成
[2018-11-22 01:47:39] ; ,行:23; 設定完了
[2018-11-22 01:47:39] ; Request::__construct,行:8; Request生成
[2018-11-22 01:47:39] ; ,行:25; URL:/about
[2018-11-22 01:47:39] ; Request::__construct,行:8; Request生成
[2018-11-22 01:47:39] ; Dispatch::excute,行:26; [0=>, 1=>about]
[2018-11-22 01:47:39] ; Dispatch::excute,行:28; is not false
[2018-11-22 01:47:39] ; Dispatch::excute,行:31; about
[2018-11-22 01:47:39] ; Dispatch::excute,行:39; null
[2018-11-22 01:47:39] ; View::view,行:63; index
[2018-11-22 01:47:39] ; View::view,行:63; parts/header
[2018-11-22 01:47:39] ; View::view,行:63; parts/bxslider
[2018-11-22 01:47:39] ; View::view,行:63; parts/news
[2018-11-22 01:47:39] ; View::view,行:63; parts/showImgs
[2018-11-22 01:47:39] ; View::view,行:63; parts/footer
[2018-11-22 01:48:03] ; ,行:19; 設定開始
[2018-11-22 01:48:03] ; Request::__construct,行:8; Request生成
[2018-11-22 01:48:03] ; ,行:23; 設定完了
[2018-11-22 01:48:03] ; Request::__construct,行:8; Request生成
[2018-11-22 01:48:03] ; ,行:25; URL:/about
[2018-11-22 01:48:03] ; Request::__construct,行:8; Request生成
[2018-11-22 01:48:03] ; Dispatch::excute,行:26; [0=>, 1=>about]
[2018-11-22 01:48:03] ; Dispatch::excute,行:28; is not false
[2018-11-22 01:48:03] ; Dispatch::excute,行:31; about
[2018-11-22 01:48:03] ; Dispatch::excute,行:39; null
[2018-11-22 01:48:03] ; View::view,行:63; index
[2018-11-22 01:48:03] ; View::view,行:63; parts/header
[2018-11-22 01:48:03] ; View::view,行:63; parts/bxslider
[2018-11-22 01:48:03] ; View::view,行:63; parts/news
[2018-11-22 01:48:03] ; View::view,行:63; parts/showImgs
[2018-11-22 01:48:03] ; View::view,行:63; parts/footer
[2018-11-22 01:48:07] ; ,行:19; 設定開始
[2018-11-22 01:48:07] ; Request::__construct,行:8; Request生成
[2018-11-22 01:48:07] ; ,行:23; 設定完了
[2018-11-22 01:48:07] ; Request::__construct,行:8; Request生成
[2018-11-22 01:48:07] ; ,行:25; URL:/
[2018-11-22 01:48:07] ; Request::__construct,行:8; Request生成
[2018-11-22 01:48:07] ; Dispatch::excute,行:26; [0=>, 1=>]
[2018-11-22 01:48:07] ; Dispatch::excute,行:28; is not false
[2018-11-22 01:48:07] ; Dispatch::excute,行:39; null
[2018-11-22 01:48:07] ; View::view,行:63; index
[2018-11-22 01:48:07] ; View::view,行:63; parts/header
[2018-11-22 01:48:07] ; View::view,行:63; parts/bxslider
[2018-11-22 01:48:07] ; View::view,行:63; parts/news
[2018-11-22 01:48:07] ; View::view,行:63; parts/showImgs
[2018-11-22 01:48:07] ; View::view,行:63; parts/footer
[2018-11-22 01:48:09] ; ,行:19; 設定開始
[2018-11-22 01:48:09] ; Request::__construct,行:8; Request生成
[2018-11-22 01:48:09] ; ,行:23; 設定完了
[2018-11-22 01:48:09] ; Request::__construct,行:8; Request生成
[2018-11-22 01:48:09] ; ,行:25; URL:/access
[2018-11-22 01:48:09] ; Request::__construct,行:8; Request生成
[2018-11-22 01:48:09] ; Dispatch::excute,行:26; [0=>, 1=>access]
[2018-11-22 01:48:09] ; Dispatch::excute,行:28; is not false
[2018-11-22 01:48:09] ; Dispatch::excute,行:31; access
[2018-11-22 01:48:09] ; Dispatch::excute,行:39; {}
[2018-11-22 01:48:09] ; View::view,行:63; access
[2018-11-22 01:48:09] ; View::view,行:63; parts/header
[2018-11-22 01:48:09] ; View::view,行:63; parts/access
[2018-11-22 01:48:09] ; View::view,行:63; parts/footer
[2018-11-22 01:48:13] ; ,行:19; 設定開始
[2018-11-22 01:48:13] ; Request::__construct,行:8; Request生成
[2018-11-22 01:48:13] ; ,行:23; 設定完了
[2018-11-22 01:48:13] ; Request::__construct,行:8; Request生成
[2018-11-22 01:48:13] ; ,行:25; URL:/about
[2018-11-22 01:48:13] ; Request::__construct,行:8; Request生成
[2018-11-22 01:48:13] ; Dispatch::excute,行:26; [0=>, 1=>about]
[2018-11-22 01:48:13] ; Dispatch::excute,行:28; is not false
[2018-11-22 01:48:13] ; Dispatch::excute,行:31; about
[2018-11-22 01:48:13] ; Dispatch::excute,行:39; null
[2018-11-22 01:48:13] ; View::view,行:63; index
[2018-11-22 01:48:13] ; View::view,行:63; parts/header
[2018-11-22 01:48:13] ; View::view,行:63; parts/bxslider
[2018-11-22 01:48:13] ; View::view,行:63; parts/news
[2018-11-22 01:48:13] ; View::view,行:63; parts/showImgs
[2018-11-22 01:48:13] ; View::view,行:63; parts/footer
[2018-11-22 01:51:08] ; ,行:19; 設定開始
[2018-11-22 01:51:08] ; Request::__construct,行:8; Request生成
[2018-11-22 01:51:08] ; ,行:23; 設定完了
[2018-11-22 01:51:08] ; Request::__construct,行:8; Request生成
[2018-11-22 01:51:08] ; ,行:25; URL:/about
[2018-11-22 01:51:08] ; Request::__construct,行:8; Request生成
[2018-11-22 01:51:08] ; Dispatch::excute,行:26; [0=>, 1=>about]
[2018-11-22 01:51:08] ; Dispatch::excute,行:28; is not false
[2018-11-22 01:51:08] ; Dispatch::excute,行:31; about
[2018-11-22 01:51:08] ; Dispatch::excute,行:39; null
[2018-11-22 01:51:08] ; View::view,行:63; index
[2018-11-22 01:51:08] ; View::view,行:63; parts/header
[2018-11-22 01:51:08] ; View::view,行:63; parts/bxslider
[2018-11-22 01:51:08] ; View::view,行:63; parts/news
[2018-11-22 01:51:08] ; View::view,行:63; parts/showImgs
[2018-11-22 01:51:08] ; View::view,行:63; parts/footer
[2018-11-22 01:51:09] ; ,行:19; 設定開始
[2018-11-22 01:51:09] ; Request::__construct,行:8; Request生成
[2018-11-22 01:51:09] ; ,行:23; 設定完了
[2018-11-22 01:51:09] ; Request::__construct,行:8; Request生成
[2018-11-22 01:51:09] ; ,行:25; URL:/about
[2018-11-22 01:51:09] ; Request::__construct,行:8; Request生成
[2018-11-22 01:51:09] ; Dispatch::excute,行:26; [0=>, 1=>about]
[2018-11-22 01:51:09] ; Dispatch::excute,行:28; is not false
[2018-11-22 01:51:09] ; Dispatch::excute,行:31; about
[2018-11-22 01:51:09] ; Dispatch::excute,行:39; null
[2018-11-22 01:51:09] ; View::view,行:63; index
[2018-11-22 01:51:09] ; View::view,行:63; parts/header
[2018-11-22 01:51:09] ; View::view,行:63; parts/bxslider
[2018-11-22 01:51:09] ; View::view,行:63; parts/news
[2018-11-22 01:51:09] ; View::view,行:63; parts/showImgs
[2018-11-22 01:51:09] ; View::view,行:63; parts/footer
[2018-11-22 01:51:10] ; ,行:19; 設定開始
[2018-11-22 01:51:10] ; Request::__construct,行:8; Request生成
[2018-11-22 01:51:10] ; ,行:23; 設定完了
[2018-11-22 01:51:10] ; Request::__construct,行:8; Request生成
[2018-11-22 01:51:10] ; ,行:25; URL:/access
[2018-11-22 01:51:10] ; Request::__construct,行:8; Request生成
[2018-11-22 01:51:10] ; Dispatch::excute,行:26; [0=>, 1=>access]
[2018-11-22 01:51:10] ; Dispatch::excute,行:28; is not false
[2018-11-22 01:51:10] ; Dispatch::excute,行:31; access
[2018-11-22 01:51:10] ; Dispatch::excute,行:39; {}
[2018-11-22 01:51:10] ; View::view,行:63; access
[2018-11-22 01:51:10] ; View::view,行:63; parts/header
[2018-11-22 01:51:10] ; View::view,行:63; parts/access
[2018-11-22 01:51:10] ; View::view,行:63; parts/footer
