[2018-11-19 15:03:52] ; 行17; 設定開始
[2018-11-19 15:03:52] ; 行17; 設定開始
[2018-11-19 15:03:52] ; 行17; 設定開始
[2018-11-19 15:03:52] ; 行17; 設定開始
[2018-11-19 15:03:52] ; 行17; 設定開始
[2018-11-19 15:03:52] ; 行17; 設定開始
[2018-11-19 15:03:52] ; 行17; 設定開始
[2018-11-19 15:04:28] ; 行17; 設定開始
[2018-11-19 15:04:28] ; 行17; 設定開始
[2018-11-19 15:04:28] ; 行17; 設定開始
[2018-11-19 15:04:28] ; 行17; 設定開始
[2018-11-19 15:04:28] ; 行17; 設定開始
[2018-11-19 15:04:28] ; 行17; 設定開始
[2018-11-19 15:04:39] ; 行17; 設定開始
[2018-11-19 15:04:39] ; 行17; 設定開始
[2018-11-19 15:04:39] ; 行17; 設定開始
[2018-11-19 15:04:39] ; 行17; 設定開始
[2018-11-19 15:04:39] ; 行17; 設定開始
[2018-11-19 15:04:39] ; 行17; 設定開始
[2018-11-19 15:04:43] ; 行17; 設定開始
[2018-11-19 15:04:43] ; 行17; 設定開始
[2018-11-19 15:04:43] ; 行17; 設定開始
[2018-11-19 15:04:43] ; 行17; 設定開始
[2018-11-19 15:04:44] ; 行17; 設定開始
[2018-11-19 15:04:44] ; 行17; 設定開始
[2018-11-19 15:04:47] ; 行17; 設定開始
[2018-11-19 15:04:47] ; 行17; 設定開始
[2018-11-19 15:04:47] ; 行17; 設定開始
[2018-11-19 15:04:47] ; 行17; 設定開始
[2018-11-19 15:04:47] ; 行17; 設定開始
[2018-11-19 15:04:47] ; 行17; 設定開始
[2018-11-19 15:04:47] ; 行17; 設定開始
[2018-11-19 15:05:20] ; 行17; 設定開始
[2018-11-19 15:05:22] ; 行17; 設定開始
[2018-11-19 15:05:22] ; 行17; 設定開始
[2018-11-19 15:05:22] ; 行17; 設定開始
[2018-11-19 15:05:22] ; 行17; 設定開始
[2018-11-19 15:05:22] ; 行17; 設定開始
[2018-11-19 15:05:22] ; 行17; 設定開始
[2018-11-19 15:05:22] ; 行17; 設定開始
[2018-11-19 15:05:23] ; 行17; 設定開始
[2018-11-19 15:05:41] ; 行17; 設定開始
[2018-11-19 15:05:41] ; 行17; 設定開始
[2018-11-19 15:05:41] ; 行17; 設定開始
[2018-11-19 15:05:41] ; 行17; 設定開始
[2018-11-19 15:05:41] ; 行17; 設定開始
[2018-11-19 15:05:41] ; 行17; 設定開始
[2018-11-19 15:05:41] ; 行17; 設定開始
[2018-11-19 15:05:41] ; 行17; 設定開始
[2018-11-19 15:09:19] ; 行18; 設定開始
[2018-11-19 15:09:19] ; /
[2018-11-19 15:09:19] ; 行18; 設定開始
[2018-11-19 15:09:19] ; /public//img/pixel.jpg
[2018-11-19 15:09:19] ; 行18; 設定開始
[2018-11-19 15:09:19] ; /public//img/pixel.jpg
[2018-11-19 15:09:19] ; 行18; 設定開始
[2018-11-19 15:09:19] ; /html/errors/error.html
[2018-11-19 15:09:19] ; 行18; 設定開始
[2018-11-19 15:09:19] ; /public/img/bx_loader.gif
[2018-11-19 15:09:19] ; 行18; 設定開始
[2018-11-19 15:09:19] ; /public/img/bx_controls.png
[2018-11-19 15:09:49] ; 行18; 設定開始
[2018-11-19 15:09:49] ; /html/errors/error.html
[2018-11-19 15:09:51] ; 行18; 設定開始
[2018-11-19 15:09:51] ; /
[2018-11-19 15:09:51] ; 行18; 設定開始
[2018-11-19 15:09:51] ; /public//img/pixel.jpg
[2018-11-19 15:09:51] ; 行18; 設定開始
[2018-11-19 15:09:51] ; /public//img/pixel.jpg
[2018-11-19 15:09:51] ; 行18; 設定開始
[2018-11-19 15:09:51] ; /html/errors/error.html
[2018-11-19 15:09:51] ; 行18; 設定開始
[2018-11-19 15:09:51] ; /public/img/bx_loader.gif
[2018-11-19 15:09:51] ; 行18; 設定開始
[2018-11-19 15:09:51] ; /public/img/bx_controls.png
[2018-11-19 15:09:51] ; 行18; 設定開始
[2018-11-19 15:09:51] ; /public//img/pixel.jpg
[2018-11-19 15:09:51] ; 行18; 設定開始
[2018-11-19 15:09:51] ; /html/errors/error.html
[2018-11-19 15:10:17] ; 行18; 設定開始
[2018-11-19 15:10:17] ; __construct行7; /
[2018-11-19 15:10:17] ; 行18; 設定開始
[2018-11-19 15:10:17] ; __construct行7; /public//img/pixel.jpg
[2018-11-19 15:10:17] ; 行18; 設定開始
[2018-11-19 15:10:17] ; __construct行7; /public//img/pixel.jpg
[2018-11-19 15:10:17] ; 行18; 設定開始
[2018-11-19 15:10:17] ; __construct行7; /html/errors/error.html
[2018-11-19 15:10:17] ; 行18; 設定開始
[2018-11-19 15:10:17] ; __construct行7; /public/img/bx_loader.gif
[2018-11-19 15:10:17] ; 行18; 設定開始
[2018-11-19 15:10:17] ; __construct行7; /public/img/bx_controls.png
[2018-11-19 15:10:17] ; 行18; 設定開始
[2018-11-19 15:10:17] ; __construct行7; /html/errors/error.html
[2018-11-19 15:10:24] ; 行18; 設定開始
[2018-11-19 15:10:24] ; __construct行7; /
[2018-11-19 15:10:24] ; 行18; 設定開始
[2018-11-19 15:10:24] ; __construct行7; /public//img/pixel.jpg
[2018-11-19 15:10:24] ; 行18; 設定開始
[2018-11-19 15:10:24] ; __construct行7; /public//img/pixel.jpg
[2018-11-19 15:10:24] ; 行18; 設定開始
[2018-11-19 15:10:24] ; __construct行7; /html/errors/error.html
[2018-11-19 15:10:24] ; 行18; 設定開始
[2018-11-19 15:10:24] ; __construct行7; /public/img/bx_loader.gif
[2018-11-19 15:10:24] ; 行18; 設定開始
[2018-11-19 15:10:24] ; __construct行7; /public/img/bx_controls.png
[2018-11-19 15:11:09] ; 行18; 設定開始
[2018-11-19 15:11:09] ; Request::__construct行7; /
[2018-11-19 15:11:09] ; 行18; 設定開始
[2018-11-19 15:11:09] ; Request::__construct行7; /public//img/pixel.jpg
[2018-11-19 15:11:09] ; 行18; 設定開始
[2018-11-19 15:11:09] ; Request::__construct行7; /public//img/pixel.jpg
[2018-11-19 15:11:09] ; 行18; 設定開始
[2018-11-19 15:11:09] ; Request::__construct行7; /html/errors/error.html
[2018-11-19 15:11:09] ; 行18; 設定開始
[2018-11-19 15:11:09] ; Request::__construct行7; /public/img/bx_loader.gif
[2018-11-19 15:11:09] ; 行18; 設定開始
[2018-11-19 15:11:09] ; Request::__construct行7; /public/img/bx_controls.png
[2018-11-19 15:11:35] ; 行18; 設定開始
[2018-11-19 15:11:35] ; Request::__construct行7; /html/errors/error.html
[2018-11-19 15:11:52] ; 行18; 設定開始
[2018-11-19 15:11:52] ; Request::__construct行7; /
[2018-11-19 15:11:52] ; 行18; 設定開始
[2018-11-19 15:11:52] ; Request::__construct行7; /public//img/pixel.jpg
[2018-11-19 15:11:52] ; 行18; 設定開始
[2018-11-19 15:11:52] ; Request::__construct行7; /public//img/pixel.jpg
[2018-11-19 15:11:52] ; 行18; 設定開始
[2018-11-19 15:11:52] ; Request::__construct行7; /html/errors/error.html
[2018-11-19 15:11:52] ; 行18; 設定開始
[2018-11-19 15:11:52] ; Request::__construct行7; /public/img/bx_loader.gif
[2018-11-19 15:11:53] ; 行18; 設定開始
[2018-11-19 15:11:53] ; Request::__construct行7; /public/img/bx_controls.png
[2018-11-19 15:11:53] ; 行18; 設定開始
[2018-11-19 15:11:53] ; Request::__construct行7; /public//img/pixel.jpg
[2018-11-19 15:11:53] ; 行18; 設定開始
[2018-11-19 15:11:53] ; Request::__construct行7; /html/errors/error.html
[2018-11-19 15:15:18] ; ,行:18; 設定開始
[2018-11-19 15:15:18] ; Request::__construct,行:7; /
[2018-11-19 15:15:18] ; ,行:18; 設定開始
[2018-11-19 15:15:18] ; Request::__construct,行:7; /public//img/pixel.jpg
[2018-11-19 15:15:18] ; ,行:18; 設定開始
[2018-11-19 15:15:18] ; Request::__construct,行:7; /public//img/pixel.jpg
[2018-11-19 15:15:18] ; ,行:18; 設定開始
[2018-11-19 15:15:18] ; Request::__construct,行:7; /html/errors/error.html
[2018-11-19 15:15:18] ; ,行:18; 設定開始
[2018-11-19 15:15:18] ; Request::__construct,行:7; /public/img/bx_loader.gif
[2018-11-19 15:15:18] ; ,行:18; 設定開始
[2018-11-19 15:15:18] ; Request::__construct,行:7; /public/img/bx_controls.png
[2018-11-19 15:15:19] ; ,行:18; 設定開始
[2018-11-19 15:15:19] ; Request::__construct,行:7; /html/errors/error.html
[2018-11-19 15:15:27] ; ,行:18; 設定開始
[2018-11-19 15:15:27] ; Request::__construct,行:7; /
[2018-11-19 15:15:27] ; ,行:18; 設定開始
[2018-11-19 15:15:27] ; Request::__construct,行:7; /public//img/pixel.jpg
[2018-11-19 15:15:27] ; ,行:18; 設定開始
[2018-11-19 15:15:27] ; Request::__construct,行:7; /public//img/pixel.jpg
[2018-11-19 15:15:27] ; ,行:18; 設定開始
[2018-11-19 15:15:27] ; Request::__construct,行:7; /html/errors/error.html
[2018-11-19 15:15:27] ; ,行:18; 設定開始
[2018-11-19 15:15:27] ; Request::__construct,行:7; /public/img/bx_loader.gif
[2018-11-19 15:15:27] ; ,行:18; 設定開始
[2018-11-19 15:15:27] ; Request::__construct,行:7; /public/img/bx_controls.png
[2018-11-19 15:15:28] ; ,行:18; 設定開始
[2018-11-19 15:15:28] ; Request::__construct,行:7; /html/errors/error.html
[2018-11-19 15:17:06] ; ,行:18; 設定開始
[2018-11-19 15:17:06] ; Request::__construct,行:7; /
[2018-11-19 15:17:06] ; ,行:18; 設定開始
[2018-11-19 15:17:06] ; Request::__construct,行:7; /index.php
[2018-11-19 15:17:06] ; ,行:18; 設定開始
[2018-11-19 15:17:06] ; Request::__construct,行:7; /public/img/pixel.jpg
[2018-11-19 15:17:06] ; ,行:18; 設定開始
[2018-11-19 15:17:06] ; ,行:18; 設定開始
[2018-11-19 15:17:06] ; Request::__construct,行:7; /index.php
[2018-11-19 15:17:06] ; Request::__construct,行:7; /html/errors/error.html
[2018-11-19 15:17:06] ; ,行:18; 設定開始
[2018-11-19 15:17:06] ; Request::__construct,行:7; /public/img/pixel.jpg
[2018-11-19 15:17:06] ; ,行:18; 設定開始
[2018-11-19 15:17:06] ; Request::__construct,行:7; /html/errors/error.html
[2018-11-19 15:17:06] ; ,行:18; 設定開始
[2018-11-19 15:17:06] ; Request::__construct,行:7; /public/img/pixel.jpg
[2018-11-19 15:17:13] ; ,行:18; 設定開始
[2018-11-19 15:17:13] ; Request::__construct,行:7; /
[2018-11-19 15:17:13] ; ,行:18; 設定開始
[2018-11-19 15:17:13] ; Request::__construct,行:7; /public/img/pixel.jpg
[2018-11-19 15:17:13] ; ,行:18; 設定開始
[2018-11-19 15:17:13] ; Request::__construct,行:7; /index.php
[2018-11-19 15:17:13] ; ,行:18; 設定開始
[2018-11-19 15:17:13] ; Request::__construct,行:7; /index.php
[2018-11-19 15:17:13] ; ,行:18; 設定開始
[2018-11-19 15:17:13] ; Request::__construct,行:7; /html/errors/error.html
[2018-11-19 15:17:13] ; ,行:18; 設定開始
[2018-11-19 15:17:13] ; Request::__construct,行:7; /public/img/pixel.jpg
[2018-11-19 15:17:13] ; ,行:18; 設定開始
[2018-11-19 15:17:13] ; Request::__construct,行:7; /html/errors/error.html
[2018-11-19 15:17:13] ; ,行:18; 設定開始
[2018-11-19 15:17:13] ; Request::__construct,行:7; /public/img/pixel.jpg
[2018-11-19 15:17:13] ; ,行:18; 設定開始
[2018-11-19 15:17:13] ; Request::__construct,行:7; /html/errors/error.html
[2018-11-19 15:17:29] ; ,行:18; 設定開始
[2018-11-19 15:17:29] ; ,行:18; 設定開始
[2018-11-19 15:17:29] ; Request::__construct,行:7; /index.php
[2018-11-19 15:17:29] ; Request::__construct,行:7; /html/errors/error.html
[2018-11-19 15:17:29] ; ,行:18; 設定開始
[2018-11-19 15:17:29] ; Request::__construct,行:7; /html/errors/error.html
[2018-11-19 15:20:54] ; ,行:18; 設定開始
[2018-11-19 15:20:54] ; Request::__construct,行:7; /
[2018-11-19 15:20:54] ; ,行:18; 設定開始
[2018-11-19 15:20:54] ; Request::__construct,行:7; /public/img/pixel.jpg
[2018-11-19 15:20:54] ; ,行:18; 設定開始
[2018-11-19 15:20:54] ; Request::__construct,行:7; /index.php
[2018-11-19 15:20:54] ; ,行:18; 設定開始
[2018-11-19 15:20:54] ; Request::__construct,行:7; /index.php
[2018-11-19 15:20:54] ; ,行:18; 設定開始
[2018-11-19 15:20:54] ; Request::__construct,行:7; /html/errors/error.html
[2018-11-19 15:20:54] ; ,行:18; 設定開始
[2018-11-19 15:20:54] ; Request::__construct,行:7; /public/img/pixel.jpg
[2018-11-19 15:20:54] ; ,行:18; 設定開始
[2018-11-19 15:20:54] ; Request::__construct,行:7; /html/errors/error.html
[2018-11-19 15:20:54] ; ,行:18; 設定開始
[2018-11-19 15:20:54] ; Request::__construct,行:7; /public/img/pixel.jpg
[2018-11-19 15:20:55] ; ,行:18; 設定開始
[2018-11-19 15:20:55] ; Request::__construct,行:7; /html/errors/error.html
[2018-11-19 15:22:02] ; ,行:18; 設定開始
[2018-11-19 15:22:02] ; Request::__construct,行:7; /
[2018-11-19 15:22:02] ; ,行:18; 設定開始
[2018-11-19 15:22:02] ; Request::__construct,行:7; /public/img/pixel.jpg
[2018-11-19 15:22:02] ; ,行:18; 設定開始
[2018-11-19 15:22:02] ; Request::__construct,行:7; /index.php
[2018-11-19 15:22:02] ; ,行:18; 設定開始
[2018-11-19 15:22:02] ; Request::__construct,行:7; /index.php
[2018-11-19 15:22:02] ; ,行:18; 設定開始
[2018-11-19 15:22:02] ; Request::__construct,行:7; /html/errors/error.html
[2018-11-19 15:22:02] ; ,行:18; 設定開始
[2018-11-19 15:22:02] ; Request::__construct,行:7; /public/img/pixel.jpg
[2018-11-19 15:22:02] ; ,行:18; 設定開始
[2018-11-19 15:22:02] ; Request::__construct,行:7; /html/errors/error.html
[2018-11-19 15:22:02] ; ,行:18; 設定開始
[2018-11-19 15:22:02] ; Request::__construct,行:7; /public/img/pixel.jpg
[2018-11-19 15:22:03] ; ,行:18; 設定開始
[2018-11-19 15:22:03] ; Request::__construct,行:7; /
[2018-11-19 15:22:03] ; ,行:18; 設定開始
[2018-11-19 15:22:03] ; Request::__construct,行:7; /public/img/pixel.jpg
[2018-11-19 15:22:03] ; ,行:18; 設定開始
[2018-11-19 15:22:03] ; Request::__construct,行:7; /index.php
[2018-11-19 15:22:03] ; ,行:18; 設定開始
[2018-11-19 15:22:03] ; Request::__construct,行:7; /index.php
[2018-11-19 15:22:03] ; ,行:18; 設定開始
[2018-11-19 15:22:03] ; Request::__construct,行:7; /html/errors/error.html
[2018-11-19 15:22:03] ; ,行:18; 設定開始
[2018-11-19 15:22:03] ; Request::__construct,行:7; /public/img/pixel.jpg
[2018-11-19 15:22:03] ; ,行:18; 設定開始
[2018-11-19 15:22:03] ; Request::__construct,行:7; /html/errors/error.html
[2018-11-19 15:22:03] ; ,行:18; 設定開始
[2018-11-19 15:22:03] ; Request::__construct,行:7; /public/img/pixel.jpg
[2018-11-19 15:22:09] ; ,行:18; 設定開始
[2018-11-19 15:22:09] ; Request::__construct,行:7; /html/errors/error.html
[2018-11-19 15:22:14] ; ,行:18; 設定開始
[2018-11-19 15:22:14] ; Request::__construct,行:7; /index.php
[2018-11-19 15:22:14] ; ,行:18; 設定開始
[2018-11-19 15:22:14] ; Request::__construct,行:7; /html/errors/error.html
[2018-11-19 15:22:15] ; ,行:18; 設定開始
[2018-11-19 15:22:15] ; Request::__construct,行:7; /html/errors/error.html
[2018-11-19 15:22:19] ; ,行:18; 設定開始
[2018-11-19 15:22:19] ; Request::__construct,行:7; /
[2018-11-19 15:22:19] ; ,行:18; 設定開始
[2018-11-19 15:22:19] ; Request::__construct,行:7; /public/img/pixel.jpg
[2018-11-19 15:22:19] ; ,行:18; 設定開始
[2018-11-19 15:22:19] ; Request::__construct,行:7; /index.php
[2018-11-19 15:22:19] ; ,行:18; 設定開始
[2018-11-19 15:22:19] ; Request::__construct,行:7; /index.php
[2018-11-19 15:22:19] ; ,行:18; 設定開始
[2018-11-19 15:22:19] ; Request::__construct,行:7; /html/errors/error.html
[2018-11-19 15:22:19] ; ,行:18; 設定開始
[2018-11-19 15:22:19] ; Request::__construct,行:7; /public/img/pixel.jpg
[2018-11-19 15:22:19] ; ,行:18; 設定開始
[2018-11-19 15:22:19] ; Request::__construct,行:7; /html/errors/error.html
[2018-11-19 15:22:19] ; ,行:18; 設定開始
[2018-11-19 15:22:19] ; Request::__construct,行:7; /html/errors/error.html
[2018-11-19 15:22:30] ; ,行:18; 設定開始
[2018-11-19 15:22:30] ; Request::__construct,行:7; /html/errors/error.html
[2018-11-19 15:22:58] ; ,行:18; 設定開始
[2018-11-19 15:22:58] ; Request::__construct,行:7; /
[2018-11-19 15:22:58] ; ,行:18; 設定開始
[2018-11-19 15:22:58] ; Request::__construct,行:7; /public/img/pixel.jpg
[2018-11-19 15:22:58] ; ,行:18; 設定開始
[2018-11-19 15:22:58] ; Request::__construct,行:7; /index.php
[2018-11-19 15:22:58] ; ,行:18; 設定開始
[2018-11-19 15:22:58] ; Request::__construct,行:7; /index.php
[2018-11-19 15:22:58] ; ,行:18; 設定開始
[2018-11-19 15:22:58] ; Request::__construct,行:7; /html/errors/error.html
[2018-11-19 15:22:58] ; ,行:18; 設定開始
[2018-11-19 15:22:58] ; Request::__construct,行:7; /html/errors/error.html
[2018-11-19 15:22:58] ; ,行:18; 設定開始
[2018-11-19 15:22:58] ; Request::__construct,行:7; /public/img/pixel.jpg
[2018-11-19 15:22:58] ; ,行:18; 設定開始
[2018-11-19 15:22:58] ; Request::__construct,行:7; /html/errors/error.html
[2018-11-19 15:22:59] ; ,行:18; 設定開始
[2018-11-19 15:22:59] ; Request::__construct,行:7; /public/img/pixel.jpg
[2018-11-19 15:22:59] ; ,行:18; 設定開始
[2018-11-19 15:22:59] ; Request::__construct,行:7; /html/errors/error.html
[2018-11-19 15:23:06] ; ,行:18; 設定開始
[2018-11-19 15:23:06] ; Request::__construct,行:7; /html/errors/error.html
[2018-11-19 15:23:28] ; ,行:18; 設定開始
[2018-11-19 15:23:28] ; Request::__construct,行:7; /
[2018-11-19 15:23:28] ; ,行:18; 設定開始
[2018-11-19 15:23:28] ; Request::__construct,行:7; /public/img/pixel.jpg
[2018-11-19 15:23:28] ; ,行:18; 設定開始
[2018-11-19 15:23:28] ; Request::__construct,行:7; /index.php
[2018-11-19 15:23:28] ; ,行:18; 設定開始
[2018-11-19 15:23:28] ; Request::__construct,行:7; /index.php
[2018-11-19 15:23:28] ; ,行:18; 設定開始
[2018-11-19 15:23:28] ; Request::__construct,行:7; /html/errors/error.html
[2018-11-19 15:23:28] ; ,行:18; 設定開始
[2018-11-19 15:23:28] ; Request::__construct,行:7; /public/img/pixel.jpg
[2018-11-19 15:23:28] ; ,行:18; 設定開始
[2018-11-19 15:23:28] ; Request::__construct,行:7; /html/errors/error.html
[2018-11-19 15:23:28] ; ,行:18; 設定開始
[2018-11-19 15:23:28] ; Request::__construct,行:7; /public/img/pixel.jpg
[2018-11-19 15:24:39] ; ,行:18; 設定開始
[2018-11-19 15:24:39] ; Request::__construct,行:7; /html/errors/error.html
[2018-11-19 15:24:39] ; ,行:18; 設定開始
[2018-11-19 15:24:39] ; Request::__construct,行:7; /
[2018-11-19 15:24:39] ; ,行:18; 設定開始
[2018-11-19 15:24:39] ; Request::__construct,行:7; /public/img/pixel.jpg
[2018-11-19 15:24:39] ; ,行:18; 設定開始
[2018-11-19 15:24:39] ; Request::__construct,行:7; /index.php
[2018-11-19 15:24:39] ; ,行:18; 設定開始
[2018-11-19 15:24:39] ; Request::__construct,行:7; /index.php
[2018-11-19 15:24:39] ; ,行:18; 設定開始
[2018-11-19 15:24:39] ; Request::__construct,行:7; /html/errors/error.html
[2018-11-19 15:24:39] ; ,行:18; 設定開始
[2018-11-19 15:24:39] ; Request::__construct,行:7; /public/img/pixel.jpg
[2018-11-19 15:24:39] ; ,行:18; 設定開始
[2018-11-19 15:24:39] ; Request::__construct,行:7; /html/errors/error.html
[2018-11-19 15:24:39] ; ,行:18; 設定開始
[2018-11-19 15:24:39] ; Request::__construct,行:7; /public/img/pixel.jpg
[2018-11-19 15:24:39] ; ,行:18; 設定開始
[2018-11-19 15:24:39] ; Request::__construct,行:7; /html/errors/error.html
[2018-11-19 15:24:44] ; ,行:18; 設定開始
[2018-11-19 15:24:44] ; Request::__construct,行:7; /html/errors/error.html
[2018-11-19 15:24:44] ; ,行:18; 設定開始
[2018-11-19 15:24:44] ; Request::__construct,行:7; /index.php
[2018-11-19 15:24:44] ; ,行:18; 設定開始
[2018-11-19 15:24:44] ; Request::__construct,行:7; /html/errors/error.html
[2018-11-19 15:25:08] ; ,行:18; 設定開始
[2018-11-19 15:25:08] ; Request::__construct,行:7; /index.php
[2018-11-19 15:25:08] ; ,行:18; 設定開始
[2018-11-19 15:25:08] ; Request::__construct,行:7; /public/img/pixel.jpg
[2018-11-19 15:25:08] ; ,行:18; 設定開始
[2018-11-19 15:25:08] ; Request::__construct,行:7; /index.php
[2018-11-19 15:25:08] ; ,行:18; 設定開始
[2018-11-19 15:25:08] ; Request::__construct,行:7; /index.php
[2018-11-19 15:25:08] ; ,行:18; 設定開始
[2018-11-19 15:25:08] ; Request::__construct,行:7; /html/errors/error.html
[2018-11-19 15:25:08] ; ,行:18; 設定開始
[2018-11-19 15:25:08] ; Request::__construct,行:7; /html/errors/error.html
[2018-11-19 15:25:08] ; ,行:18; 設定開始
[2018-11-19 15:25:08] ; Request::__construct,行:7; /public/img/pixel.jpg
[2018-11-19 15:25:08] ; ,行:18; 設定開始
[2018-11-19 15:25:08] ; Request::__construct,行:7; /html/errors/error.html
[2018-11-19 15:25:09] ; ,行:18; 設定開始
[2018-11-19 15:25:09] ; Request::__construct,行:7; /public/img/pixel.jpg
[2018-11-19 15:25:09] ; ,行:18; 設定開始
[2018-11-19 15:25:09] ; Request::__construct,行:7; /html/errors/error.html
[2018-11-19 15:25:54] ; ,行:18; 設定開始
[2018-11-19 15:25:54] ; Request::__construct,行:7; /html/errors/error.html
[2018-11-19 15:25:55] ; ,行:18; 設定開始
[2018-11-19 15:25:55] ; Request::__construct,行:7; /html/errors/error.html
[2018-11-19 15:26:05] ; ,行:18; 設定開始
[2018-11-19 15:26:05] ; Request::__construct,行:7; /index.php
[2018-11-19 15:26:05] ; ,行:18; 設定開始
[2018-11-19 15:26:05] ; Request::__construct,行:7; /public/img/pixel.jpg
[2018-11-19 15:26:05] ; ,行:18; 設定開始
[2018-11-19 15:26:05] ; Request::__construct,行:7; /index.php
[2018-11-19 15:26:05] ; ,行:18; 設定開始
[2018-11-19 15:26:05] ; Request::__construct,行:7; /index.php
[2018-11-19 15:26:05] ; ,行:18; 設定開始
[2018-11-19 15:26:05] ; Request::__construct,行:7; /html/errors/error.html
[2018-11-19 15:26:05] ; ,行:18; 設定開始
[2018-11-19 15:26:05] ; Request::__construct,行:7; /public/img/pixel.jpg
[2018-11-19 15:26:05] ; ,行:18; 設定開始
[2018-11-19 15:26:05] ; Request::__construct,行:7; /html/errors/error.html
[2018-11-19 15:26:05] ; ,行:18; 設定開始
[2018-11-19 15:26:05] ; Request::__construct,行:7; /html/errors/error.html
[2018-11-19 15:26:05] ; ,行:18; 設定開始
[2018-11-19 15:26:05] ; Request::__construct,行:7; /public/img/pixel.jpg
[2018-11-19 15:26:06] ; ,行:18; 設定開始
[2018-11-19 15:26:06] ; Request::__construct,行:7; /html/errors/error.html
[2018-11-19 15:28:31] ; ,行:18; 設定開始
[2018-11-19 15:28:31] ; Request::__construct,行:7; /
[2018-11-19 15:28:31] ; ,行:18; 設定開始
[2018-11-19 15:28:31] ; Request::__construct,行:7; /public/img/pixel.jpg
[2018-11-19 15:28:31] ; ,行:18; 設定開始
[2018-11-19 15:28:31] ; Request::__construct,行:7; /index.php
[2018-11-19 15:28:31] ; ,行:18; 設定開始
[2018-11-19 15:28:31] ; Request::__construct,行:7; /index.php
[2018-11-19 15:28:31] ; ,行:18; 設定開始
[2018-11-19 15:28:31] ; Request::__construct,行:7; /html/errors/error.html
[2018-11-19 15:28:31] ; ,行:18; 設定開始
[2018-11-19 15:28:31] ; Request::__construct,行:7; /html/errors/error.html
[2018-11-19 15:28:31] ; ,行:18; 設定開始
[2018-11-19 15:28:31] ; Request::__construct,行:7; /public/img/pixel.jpg
[2018-11-19 15:28:32] ; ,行:18; 設定開始
[2018-11-19 15:28:32] ; Request::__construct,行:7; /html/errors/error.html
[2018-11-19 15:28:32] ; ,行:18; 設定開始
[2018-11-19 15:28:32] ; Request::__construct,行:7; /public/img/pixel.jpg
[2018-11-19 15:28:33] ; ,行:18; 設定開始
[2018-11-19 15:28:33] ; Request::__construct,行:7; /html/errors/error.html
[2018-11-19 15:29:02] ; ,行:18; 設定開始
[2018-11-19 15:29:02] ; Request::__construct,行:7; /index.php
[2018-11-19 15:29:02] ; ,行:18; 設定開始
[2018-11-19 15:29:02] ; Request::__construct,行:7; /public/img/pixel.jpg
[2018-11-19 15:29:02] ; ,行:18; 設定開始
[2018-11-19 15:29:02] ; Request::__construct,行:7; /index.php
[2018-11-19 15:29:02] ; ,行:18; 設定開始
[2018-11-19 15:29:02] ; Request::__construct,行:7; /index.php
[2018-11-19 15:29:02] ; ,行:18; 設定開始
[2018-11-19 15:29:02] ; Request::__construct,行:7; /html/errors/error.html
[2018-11-19 15:29:02] ; ,行:18; 設定開始
[2018-11-19 15:29:02] ; Request::__construct,行:7; /public/img/pixel.jpg
[2018-11-19 15:29:02] ; ,行:18; 設定開始
[2018-11-19 15:29:02] ; Request::__construct,行:7; /html/errors/error.html
[2018-11-19 15:29:02] ; ,行:18; 設定開始
[2018-11-19 15:29:02] ; Request::__construct,行:7; /html/errors/error.html
[2018-11-19 15:29:02] ; ,行:18; 設定開始
[2018-11-19 15:29:02] ; Request::__construct,行:7; /public/img/pixel.jpg
[2018-11-19 15:31:52] ; ,行:18; 設定開始
[2018-11-19 15:31:52] ; Request::__construct,行:7; /
[2018-11-19 15:31:52] ; ,行:18; 設定開始
[2018-11-19 15:31:52] ; Request::__construct,行:7; /public/img/pixel.jpg
[2018-11-19 15:31:53] ; ,行:18; 設定開始
[2018-11-19 15:31:53] ; Request::__construct,行:7; /public/img/mnavi.png
[2018-11-19 15:31:53] ; ,行:18; 設定開始
[2018-11-19 15:31:53] ; Request::__construct,行:7; /public/img/pixel.jpg
[2018-11-19 15:31:53] ; ,行:18; 設定開始
[2018-11-19 15:31:53] ; Request::__construct,行:7; /public/img/bx_loader.gif
[2018-11-19 15:31:53] ; ,行:18; 設定開始
[2018-11-19 15:31:53] ; Request::__construct,行:7; /public/img/bx_controls.png
[2018-11-19 15:31:53] ; ,行:18; 設定開始
[2018-11-19 15:31:53] ; Request::__construct,行:7; /public/img/pixel.jpg
[2018-11-19 15:32:00] ; ,行:18; 設定開始
[2018-11-19 15:32:00] ; Request::__construct,行:7; /public/img/mnavi-line.gif
[2018-11-19 15:32:12] ; ,行:18; 設定開始
[2018-11-19 15:32:12] ; Request::__construct,行:7; /public/css/bootstrap.css.map
[2018-11-19 15:32:32] ; ,行:18; 設定開始
[2018-11-19 15:32:32] ; Request::__construct,行:7; /public/img/pixel.jpg
[2018-11-19 15:32:32] ; ,行:18; 設定開始
[2018-11-19 15:32:32] ; Request::__construct,行:7; /public/img/pixel.jpg
[2018-11-19 15:32:32] ; ,行:18; 設定開始
[2018-11-19 15:32:32] ; Request::__construct,行:7; /public/img/pixel.jpg
[2018-11-19 15:32:32] ; ,行:18; 設定開始
[2018-11-19 15:32:32] ; Request::__construct,行:7; /public/img/mnavi.png
[2018-11-19 15:32:32] ; ,行:18; 設定開始
[2018-11-19 15:32:32] ; Request::__construct,行:7; /public/css/bootstrap.css.map
[2018-11-19 15:32:32] ; ,行:18; 設定開始
[2018-11-19 15:32:32] ; Request::__construct,行:7; /public/img/bx_loader.gif
[2018-11-19 15:32:32] ; ,行:18; 設定開始
[2018-11-19 15:32:32] ; Request::__construct,行:7; /public/img/bx_controls.png
[2018-11-19 15:32:32] ; ,行:18; 設定開始
[2018-11-19 15:32:32] ; Request::__construct,行:7; /public/img/pixel.jpg
[2018-11-19 15:32:33] ; ,行:18; 設定開始
[2018-11-19 15:32:33] ; Request::__construct,行:7; /public/img/mnavi-line.gif
[2018-11-19 15:32:47] ; ,行:18; 設定開始
[2018-11-19 15:32:47] ; Request::__construct,行:7; /public/img/pixel.jpg
[2018-11-19 15:32:47] ; ,行:18; 設定開始
[2018-11-19 15:32:47] ; Request::__construct,行:7; /public/img/pixel.jpg
[2018-11-19 15:32:47] ; ,行:18; 設定開始
[2018-11-19 15:32:47] ; Request::__construct,行:7; /public/img/pixel.jpg
[2018-11-19 15:32:47] ; ,行:18; 設定開始
[2018-11-19 15:32:47] ; Request::__construct,行:7; /public/img/mnavi.png
[2018-11-19 15:32:47] ; ,行:18; 設定開始
[2018-11-19 15:32:47] ; Request::__construct,行:7; /public/img/bx_loader.gif
[2018-11-19 15:32:47] ; ,行:18; 設定開始
[2018-11-19 15:32:47] ; Request::__construct,行:7; /public/img/bx_controls.png
[2018-11-19 15:32:47] ; ,行:18; 設定開始
[2018-11-19 15:32:47] ; Request::__construct,行:7; /public/img/pixel.jpg
[2018-11-19 15:32:52] ; ,行:18; 設定開始
[2018-11-19 15:32:52] ; Request::__construct,行:7; /public/img/mnavi-line.gif
[2018-11-19 15:33:13] ; ,行:18; 設定開始
[2018-11-19 15:33:13] ; Request::__construct,行:7; /public/img/pixel.jpg
[2018-11-19 15:33:13] ; ,行:18; 設定開始
[2018-11-19 15:33:13] ; Request::__construct,行:7; /public/img/pixel.jpg
[2018-11-19 15:33:13] ; ,行:18; 設定開始
[2018-11-19 15:33:13] ; Request::__construct,行:7; /public/img/pixel.jpg
[2018-11-19 15:33:13] ; ,行:18; 設定開始
[2018-11-19 15:33:13] ; Request::__construct,行:7; /public/img/mnavi.png
[2018-11-19 15:33:13] ; ,行:18; 設定開始
[2018-11-19 15:33:13] ; Request::__construct,行:7; /public/img/bx_loader.gif
[2018-11-19 15:33:13] ; ,行:18; 設定開始
[2018-11-19 15:33:13] ; Request::__construct,行:7; /public/img/bx_controls.png
[2018-11-19 15:33:13] ; ,行:18; 設定開始
[2018-11-19 15:33:13] ; Request::__construct,行:7; /public/img/pixel.jpg
[2018-11-19 15:34:24] ; ,行:18; 設定開始
[2018-11-19 15:34:24] ; Request::__construct,行:7; /
[2018-11-19 15:34:24] ; ,行:18; 設定開始
[2018-11-19 15:34:24] ; Request::__construct,行:7; /public/img/pixel.jpg
[2018-11-19 15:34:24] ; ,行:18; 設定開始
[2018-11-19 15:34:24] ; Request::__construct,行:7; /public/img/mnavi.png
[2018-11-19 15:34:24] ; ,行:18; 設定開始
[2018-11-19 15:34:24] ; Request::__construct,行:7; /public/img/pixel.jpg
[2018-11-19 15:34:24] ; ,行:18; 設定開始
[2018-11-19 15:34:24] ; Request::__construct,行:7; /public/img/bx_loader.gif
[2018-11-19 15:34:24] ; ,行:18; 設定開始
[2018-11-19 15:34:24] ; Request::__construct,行:7; /public/img/bx_controls.png
[2018-11-19 15:34:24] ; ,行:18; 設定開始
[2018-11-19 15:34:24] ; Request::__construct,行:7; /public/img/mnavi-line.gif
[2018-11-19 15:34:37] ; ,行:18; 設定開始
[2018-11-19 15:34:37] ; Request::__construct,行:7; /public/css/bootstrap.css.map
[2018-11-19 15:34:47] ; ,行:18; 設定開始
[2018-11-19 15:34:47] ; Request::__construct,行:7; /public/img/pixel.jpg
[2018-11-19 15:34:47] ; ,行:18; 設定開始
[2018-11-19 15:34:47] ; Request::__construct,行:7; /public/img/pixel.jpg
[2018-11-19 15:34:47] ; ,行:18; 設定開始
[2018-11-19 15:34:47] ; Request::__construct,行:7; /public/img/pixel.jpg
[2018-11-19 15:34:47] ; ,行:18; 設定開始
[2018-11-19 15:34:47] ; Request::__construct,行:7; /public/img/mnavi.png
[2018-11-19 15:34:47] ; ,行:18; 設定開始
[2018-11-19 15:34:47] ; Request::__construct,行:7; /public/css/bootstrap.css.map
[2018-11-19 15:34:47] ; ,行:18; 設定開始
[2018-11-19 15:34:47] ; Request::__construct,行:7; /public/img/bx_loader.gif
[2018-11-19 15:34:47] ; ,行:18; 設定開始
[2018-11-19 15:34:47] ; Request::__construct,行:7; /public/img/bx_controls.png
[2018-11-19 15:34:47] ; ,行:18; 設定開始
[2018-11-19 15:34:47] ; Request::__construct,行:7; /public/img/pixel.jpg
[2018-11-19 15:34:50] ; ,行:18; 設定開始
[2018-11-19 15:34:50] ; Request::__construct,行:7; /public/img/mnavi-line.gif
[2018-11-19 15:35:52] ; ,行:18; 設定開始
[2018-11-19 15:35:52] ; Request::__construct,行:7; /public/img/pixel.jpg
[2018-11-19 15:35:52] ; ,行:18; 設定開始
[2018-11-19 15:35:52] ; Request::__construct,行:7; /public/img/pixel.jpg
[2018-11-19 15:35:52] ; ,行:18; 設定開始
[2018-11-19 15:35:52] ; Request::__construct,行:7; /public/img/mnavi.png
[2018-11-19 15:35:52] ; ,行:18; 設定開始
[2018-11-19 15:35:52] ; Request::__construct,行:7; /public/css/bootstrap.css.map
[2018-11-19 15:35:52] ; ,行:18; 設定開始
[2018-11-19 15:35:52] ; Request::__construct,行:7; /public/img/mnavi-line.gif
[2018-11-19 15:35:52] ; ,行:18; 設定開始
[2018-11-19 15:35:52] ; Request::__construct,行:7; /public/img/pixel.jpg
[2018-11-19 15:35:52] ; ,行:18; 設定開始
[2018-11-19 15:35:52] ; Request::__construct,行:7; /public/img/bx_loader.gif
[2018-11-19 15:35:52] ; ,行:18; 設定開始
[2018-11-19 15:35:52] ; Request::__construct,行:7; /public/img/bx_controls.png
[2018-11-19 15:35:52] ; ,行:18; 設定開始
[2018-11-19 15:35:52] ; Request::__construct,行:7; /public/img/pixel.jpg
[2018-11-19 15:40:25] ; ,行:18; 設定開始
[2018-11-19 15:40:25] ; Request::__construct,行:7; /
[2018-11-19 15:42:46] ; ,行:18; 設定開始
[2018-11-19 15:42:46] ; Request::__construct,行:7; /
[2018-11-19 15:47:12] ; ,行:18; 設定開始
[2018-11-19 15:47:12] ; Request::__construct,行:7; /
[2018-11-19 15:47:31] ; ,行:18; 設定開始
[2018-11-19 15:47:31] ; Request::__construct,行:7; /publics
[2018-11-19 15:53:01] ; ,行:18; 設定開始
[2018-11-19 15:53:01] ; Request::__construct,行:7; /publics
[2018-11-19 15:53:29] ; ,行:18; 設定開始
[2018-11-19 15:53:29] ; Request::__construct,行:7; /publics
[2018-11-19 15:59:28] ; ,行:18; 設定開始
[2018-11-19 15:59:30] ; ,行:18; 設定開始
[2018-11-19 16:00:08] ; ,行:18; 設定開始
[2018-11-19 16:00:08] ; Request::__construct,行:11; /publics
[2018-11-19 16:00:08] ; Request::__construct,行:12; null
[2018-11-19 16:00:46] ; ,行:18; 設定開始
[2018-11-19 16:00:46] ; Request::__construct,行:11; /publics
[2018-11-19 16:00:46] ; Request::__construct,行:12; [0=>, 1=>publics]
[2018-11-19 16:01:47] ; ,行:18; 設定開始
[2018-11-19 16:01:47] ; Request::__construct,行:10; [0=>, 1=>publics]
[2018-11-19 16:02:20] ; ,行:18; 設定開始
[2018-11-19 16:02:20] ; Request::__construct,行:10; /publics
[2018-11-19 16:02:20] ; Request::__construct,行:11; [0=>, 1=>publics]
[2018-11-19 16:02:45] ; ,行:18; 設定開始
[2018-11-19 16:02:45] ; Request::__construct,行:10; /publics
[2018-11-19 16:02:45] ; Request::__construct,行:11; [0=>, 1=>publics]
[2018-11-19 16:04:14] ; ,行:18; 設定開始
[2018-11-19 16:04:14] ; Request::__construct,行:10; /
[2018-11-19 16:04:14] ; Request::__construct,行:11; [0=>, 1=>]
[2018-11-19 16:10:48] ; ,行:18; 設定開始
[2018-11-19 16:11:15] ; ,行:18; 設定開始
[2018-11-19 16:11:15] ; Request::__construct,行:10; null
[2018-11-19 16:11:17] ; ,行:18; 設定開始
[2018-11-19 16:11:17] ; Request::__construct,行:10; null
[2018-11-19 16:11:30] ; ,行:18; 設定開始
[2018-11-19 16:11:30] ; Request::__construct,行:10; null
[2018-11-19 16:11:38] ; ,行:18; 設定開始
[2018-11-19 16:11:38] ; Request::__construct,行:10; null
[2018-11-19 16:13:31] ; ,行:18; 設定開始
[2018-11-19 16:13:31] ; Route::any,行:29; /; index
[2018-11-19 16:13:31] ; Route::any,行:29; access; access
[2018-11-19 16:13:31] ; Route::any,行:29; bxslider; bxslider
[2018-11-19 16:13:31] ; Route::any,行:29; event; event
[2018-11-19 16:13:31] ; Route::any,行:29; news; news
[2018-11-19 16:13:31] ; Route::any,行:29; path; path
[2018-11-19 16:13:31] ; Route::any,行:29; product; product
[2018-11-19 16:13:31] ; Request::__construct,行:10; null
[2018-11-19 16:14:35] ; ,行:18; 設定開始
[2018-11-19 16:14:35] ; Route::any,行:29; /; index
[2018-11-19 16:14:35] ; Route::any,行:29; access; access
[2018-11-19 16:14:35] ; Route::any,行:29; bxslider; bxslider
[2018-11-19 16:14:35] ; Route::any,行:29; event; event
[2018-11-19 16:14:35] ; Route::any,行:29; news; news
[2018-11-19 16:14:35] ; Route::any,行:29; path; path
[2018-11-19 16:14:35] ; Route::any,行:29; product; product
[2018-11-19 16:14:35] ; Request::getInputRoute,行:25; {}
[2018-11-19 16:14:58] ; ,行:18; 設定開始
[2018-11-19 16:14:58] ; Route::any,行:29; /; index
[2018-11-19 16:14:58] ; Route::any,行:29; access; access
[2018-11-19 16:14:58] ; Route::any,行:29; bxslider; bxslider
[2018-11-19 16:14:58] ; Route::any,行:29; event; event
[2018-11-19 16:14:58] ; Route::any,行:29; news; news
[2018-11-19 16:14:58] ; Route::any,行:29; path; path
[2018-11-19 16:14:58] ; Route::any,行:29; product; product
[2018-11-19 16:14:58] ; Request::getInputRoute,行:25; {}
[2018-11-19 16:14:58] ; Request::__construct,行:10; {}
[2018-11-19 16:15:04] ; ,行:18; 設定開始
[2018-11-19 16:15:04] ; Route::any,行:29; /; index
[2018-11-19 16:15:04] ; Route::any,行:29; access; access
[2018-11-19 16:15:04] ; Route::any,行:29; bxslider; bxslider
[2018-11-19 16:15:04] ; Route::any,行:29; event; event
[2018-11-19 16:15:04] ; Route::any,行:29; news; news
[2018-11-19 16:15:04] ; Route::any,行:29; path; path
[2018-11-19 16:15:04] ; Route::any,行:29; product; product
[2018-11-19 16:15:04] ; Request::getInputRoute,行:25; {}
[2018-11-19 16:15:04] ; Request::__construct,行:10; {}
[2018-11-19 16:16:14] ; ,行:18; 設定開始
[2018-11-19 16:16:14] ; Route::any,行:29; /; index
[2018-11-19 16:16:14] ; Route::any,行:29; access; access
[2018-11-19 16:16:14] ; Route::any,行:29; bxslider; bxslider
[2018-11-19 16:16:14] ; Route::any,行:29; event; event
[2018-11-19 16:16:14] ; Route::any,行:29; news; news
[2018-11-19 16:16:14] ; Route::any,行:29; path; path
[2018-11-19 16:16:14] ; Route::any,行:29; product; product
[2018-11-19 16:16:14] ; Request::__construct,行:10; [0=>, 1=>news]
[2018-11-19 16:16:14] ; Request::getInputRoute,行:26; {}
[2018-11-19 16:16:14] ; Request::__construct,行:11; {}
